Detecting compiler hash for triplet x64-mingw-dynamic...
Compiler found: C:/ProgramData/mingw64/mingw64/bin/x86_64-w64-mingw32-g++.exe
The following packages will be built and installed:
  * libpng:x64-mingw-dynamic@1.6.55
    sdl3:x64-mingw-dynamic@3.4.2
    sdl3-image[core,png]:x64-mingw-dynamic@3.4.0
  * vcpkg-cmake:x64-mingw-dynamic@2024-04-23
  * vcpkg-cmake-config:x64-mingw-dynamic@2024-05-23
  * zlib:x64-mingw-dynamic@1.3.1
Additional packages (*) will be modified to complete this operation.
Restored 6 package(s) from C:\Users\cast\AppData\Local\vcpkg\archives in 688 ms. Use --debug to see more details.
Installing 1/6 vcpkg-cmake-config:x64-mingw-dynamic@2024-05-23...
Elapsed time to handle vcpkg-cmake-config:x64-mingw-dynamic: 9.02 ms
vcpkg-cmake-config:x64-mingw-dynamic package ABI: 6b76ae80f735412af848154807bcad1adb67b6afdd72a4760b3fc6dbc3321534
Installing 2/6 vcpkg-cmake:x64-mingw-dynamic@2024-04-23...
Elapsed time to handle vcpkg-cmake:x64-mingw-dynamic: 9.04 ms
vcpkg-cmake:x64-mingw-dynamic package ABI: 5742fa071abced80e0c9d2118afca32687ed829fe43f542af22464d8197a5da6
Installing 3/6 sdl3:x64-mingw-dynamic@3.4.2...
Elapsed time to handle sdl3:x64-mingw-dynamic: 47.4 ms
sdl3:x64-mingw-dynamic package ABI: 79a71f50ba03fc2381257766a75bf734ffcaf5da3dffbc94e5802afbaeca99b8
Installing 4/6 zlib:x64-mingw-dynamic@1.3.1...
Elapsed time to handle zlib:x64-mingw-dynamic: 15.3 ms
zlib:x64-mingw-dynamic package ABI: ab407b7d3ad9098cdf5d50ef7139828a7315d1e3cf6744c29072957f6dc9d8e5
Installing 5/6 libpng:x64-mingw-dynamic@1.6.55...
Elapsed time to handle libpng:x64-mingw-dynamic: 22 ms
libpng:x64-mingw-dynamic package ABI: dfdee2462095e6795cb8046514c9d2d45742cdf9aaa2851a673c415fd61d24c5
Installing 6/6 sdl3-image[core,png]:x64-mingw-dynamic@3.4.0...
Elapsed time to handle sdl3-image:x64-mingw-dynamic: 21.9 ms
sdl3-image:x64-mingw-dynamic package ABI: 82cd9460d186676097957695041f8667560c7ac25fa961cadec231d728dfe92d
Installed contents are licensed to you by owners. Microsoft is not responsible for, nor does it grant any licenses to, third-party packages.
Packages installed in this vcpkg installation declare the following licenses:
Apache-2.0
MIT
Zlib
libpng-2.0
sdl3 provides CMake targets:

  find_package(SDL3 CONFIG REQUIRED)
  target_link_libraries(main PRIVATE SDL3::SDL3)

sdl3-image provides CMake targets:

  find_package(SDL3_image CONFIG REQUIRED)
  target_link_libraries(main PRIVATE $<IF:$<TARGET_EXISTS:SDL3_image::SDL3_image-shared>,SDL3_image::SDL3_image-shared,SDL3_image::SDL3_image-static>)

sdl3-image provides pkg-config modules:

  # image loading library for Simple DirectMedia Layer
  sdl3-image

All requested installations completed successfully in: 131 ms
